This file contains any messages produced by compilers while
running configure, to aid debugging if configure makes a mistake.

It was created by libcoap configure 4.2.0, which was
generated by GNU Autoconf 2.69.  Invocation command line was

  $ ./configure --disable-documentation --enable-examples --with-tinydtls --enable-shared

## --------- ##
## Platform. ##
## --------- ##

hostname = tp
uname -m = x86_64
uname -r = 5.0.0-31-generic
uname -s = Linux
uname -v = #33~18.04.1-Ubuntu SMP Tue Oct 1 10:20:39 UTC 2019

/usr/bin/uname -p = unknown
/bin/uname -X     = unknown

/bin/arch              = unknown
/usr/bin/arch -k       = unknown
/usr/convex/getsysinfo = unknown
/usr/bin/hostinfo      = unknown
/bin/machine           = unknown
/usr/bin/oslevel       = unknown
/bin/universe          = unknown

PATH: /usr/local/sbin
PATH: /usr/local/bin
PATH: /usr/sbin
PATH: /usr/bin
PATH: /sbin
PATH: /bin
PATH: /usr/games
PATH: /usr/local/games
PATH: /snap/bin
PATH: /home/syafiq/compiler/gcc-arm-none-eabi-8-2019-q3-update/bin/


## ----------- ##
## Core tests. ##
## ----------- ##

configure:2486: checking for a BSD-compatible install
configure:2554: result: /usr/bin/install -c
configure:2565: checking whether build environment is sane
configure:2620: result: yes
configure:2771: checking for a thread-safe mkdir -p
configure:2810: result: /bin/mkdir -p
configure:2817: checking for gawk
configure:2847: result: no
configure:2817: checking for mawk
configure:2833: found /usr/bin/mawk
configure:2844: result: mawk
configure:2855: checking whether make sets $(MAKE)
configure:2877: result: yes
configure:2906: checking whether make supports nested variables
configure:2923: result: yes
configure:3094: checking for pkg-config
configure:3112: found /usr/bin/pkg-config
configure:3124: result: /usr/bin/pkg-config
configure:3149: checking pkg-config is at least version 0.20
configure:3152: result: yes
configure:3171: checking whether make supports nested variables
configure:3188: result: yes
configure:3200: checking whether to enable assertions
configure:3218: result: yes
configure:3276: checking for gcc
configure:3292: found /usr/bin/gcc
configure:3303: result: gcc
configure:3532: checking for C compiler version
configure:3541: gcc --version >&5
gcc (Ubuntu 7.4.0-1ubuntu1~18.04.1) 7.4.0
Copyright (C) 2017 Free Software Foundation, Inc.
This is free software; see the source for copying conditions.  There is NO
warranty; not even for MERCHANTABILITY or FITNESS FOR A PARTICULAR PURPOSE.

configure:3552: $? = 0
configure:3541: gcc -v >&5
Using built-in specs.
COLLECT_GCC=gcc
COLLECT_LTO_WRAPPER=/usr/lib/gcc/x86_64-linux-gnu/7/lto-wrapper
OFFLOAD_TARGET_NAMES=nvptx-none
OFFLOAD_TARGET_DEFAULT=1
Target: x86_64-linux-gnu
Configured with: ../src/configure -v --with-pkgversion='Ubuntu 7.4.0-1ubuntu1~18.04.1' --with-bugurl=file:///usr/share/doc/gcc-7/README.Bugs --enable-languages=c,ada,c++,go,brig,d,fortran,objc,obj-c++ --prefix=/usr --with-gcc-major-version-only --program-suffix=-7 --program-prefix=x86_64-linux-gnu- --enable-shared --enable-linker-build-id --libexecdir=/usr/lib --without-included-gettext --enable-threads=posix --libdir=/usr/lib --enable-nls --with-sysroot=/ --enable-clocale=gnu --enable-libstdcxx-debug --enable-libstdcxx-time=yes --with-default-libstdcxx-abi=new --enable-gnu-unique-object --disable-vtable-verify --enable-libmpx --enable-plugin --enable-default-pie --with-system-zlib --with-target-system-zlib --enable-objc-gc=auto --enable-multiarch --disable-werror --with-arch-32=i686 --with-abi=m64 --with-multilib-list=m32,m64,mx32 --enable-multilib --with-tune=generic --enable-offload-targets=nvptx-none --without-cuda-driver --enable-checking=release --build=x86_64-linux-gnu --host=x86_64-linux-gnu --target=x86_64-linux-gnu
Thread model: posix
gcc version 7.4.0 (Ubuntu 7.4.0-1ubuntu1~18.04.1) 
configure:3552: $? = 0
configure:3541: gcc -V >&5
gcc: error: unrecognized command line option '-V'
gcc: fatal error: no input files
compilation terminated.
configure:3552: $? = 1
configure:3541: gcc -qversion >&5
gcc: error: unrecognized command line option '-qversion'; did you mean '--version'?
gcc: fatal error: no input files
compilation terminated.
configure:3552: $? = 1
configure:3572: checking whether the C compiler works
configure:3594: gcc    conftest.c  >&5
configure:3598: $? = 0
configure:3646: result: yes
configure:3649: checking for C compiler default output file name
configure:3651: result: a.out
configure:3657: checking for suffix of executables
configure:3664: gcc -o conftest    conftest.c  >&5
configure:3668: $? = 0
configure:3690: result: 
configure:3712: checking whether we are cross compiling
configure:3720: gcc -o conftest    conftest.c  >&5
configure:3724: $? = 0
configure:3731: ./conftest
configure:3735: $? = 0
configure:3750: result: no
configure:3755: checking for suffix of object files
configure:3777: gcc -c   conftest.c >&5
configure:3781: $? = 0
configure:3802: result: o
configure:3806: checking whether we are using the GNU C compiler
configure:3825: gcc -c   conftest.c >&5
configure:3825: $? = 0
configure:3834: result: yes
configure:3843: checking whether gcc accepts -g
configure:3863: gcc -c -g  conftest.c >&5
configure:3863: $? = 0
configure:3904: result: yes
configure:3921: checking for gcc option to accept ISO C89
configure:3984: gcc  -c -g -O2  conftest.c >&5
configure:3984: $? = 0
configure:3997: result: none needed
configure:4022: checking whether gcc understands -c and -o together
configure:4044: gcc -c conftest.c -o conftest2.o
configure:4047: $? = 0
configure:4044: gcc -c conftest.c -o conftest2.o
configure:4047: $? = 0
configure:4059: result: yes
configure:4087: checking for style of include used by make
configure:4115: result: GNU
configure:4141: checking dependency style of gcc
configure:4252: result: gcc3
configure:4268: checking for a sed that does not truncate output
configure:4332: result: /bin/sed
configure:4389: checking for ar
configure:4405: found /usr/bin/ar
configure:4416: result: ar
configure:4442: checking the archiver (ar) interface
configure:4458: gcc -c -g -O2  conftest.c >&5
configure:4458: $? = 0
configure:4460: ar cru libconftest.a conftest.o >&5
ar: `u' modifier ignored since `D' is the default (see `U')
configure:4463: $? = 0
configure:4491: result: ar
configure:4517: checking how to run the C preprocessor
configure:4548: gcc -E  conftest.c
configure:4548: $? = 0
configure:4562: gcc -E  conftest.c
conftest.c:9:10: fatal error: ac_nonexistent.h: No such file or directory
 #include <ac_nonexistent.h>
          ^~~~~~~~~~~~~~~~~~
compilation terminated.
configure:4562: $? = 1
configure: failed program was:
| /* confdefs.h */
| #define PACKAGE_NAME "libcoap"
| #define PACKAGE_TARNAME "libcoap"
| #define PACKAGE_VERSION "4.2.0"
| #define PACKAGE_STRING "libcoap 4.2.0"
| #define PACKAGE_BUGREPORT "libcoap-developers@lists.sourceforge.net"
| #define PACKAGE_URL "https://libcoap.net/"
| /* end confdefs.h.  */
| #include <ac_nonexistent.h>
configure:4587: result: gcc -E
configure:4607: gcc -E  conftest.c
configure:4607: $? = 0
configure:4621: gcc -E  conftest.c
conftest.c:9:10: fatal error: ac_nonexistent.h: No such file or directory
 #include <ac_nonexistent.h>
          ^~~~~~~~~~~~~~~~~~
compilation terminated.
configure:4621: $? = 1
configure: failed program was:
| /* confdefs.h */
| #define PACKAGE_NAME "libcoap"
| #define PACKAGE_TARNAME "libcoap"
| #define PACKAGE_VERSION "4.2.0"
| #define PACKAGE_STRING "libcoap 4.2.0"
| #define PACKAGE_BUGREPORT "libcoap-developers@lists.sourceforge.net"
| #define PACKAGE_URL "https://libcoap.net/"
| /* end confdefs.h.  */
| #include <ac_nonexistent.h>
configure:4650: checking for grep that handles long lines and -e
configure:4708: result: /bin/grep
configure:4713: checking for egrep
configure:4775: result: /bin/grep -E
configure:4780: checking for ANSI C header files
configure:4800: gcc -c -g -O2  conftest.c >&5
configure:4800: $? = 0
configure:4873: gcc -o conftest -g -O2   conftest.c  >&5
configure:4873: $? = 0
configure:4873: ./conftest
configure:4873: $? = 0
configure:4884: result: yes
configure:4897: checking for sys/types.h
configure:4897: gcc -c -g -O2  conftest.c >&5
configure:4897: $? = 0
configure:4897: result: yes
configure:4897: checking for sys/stat.h
configure:4897: gcc -c -g -O2  conftest.c >&5
configure:4897: $? = 0
configure:4897: result: yes
configure:4897: checking for stdlib.h
configure:4897: gcc -c -g -O2  conftest.c >&5
configure:4897: $? = 0
configure:4897: result: yes
configure:4897: checking for string.h
configure:4897: gcc -c -g -O2  conftest.c >&5
configure:4897: $? = 0
configure:4897: result: yes
configure:4897: checking for memory.h
configure:4897: gcc -c -g -O2  conftest.c >&5
configure:4897: $? = 0
configure:4897: result: yes
configure:4897: checking for strings.h
configure:4897: gcc -c -g -O2  conftest.c >&5
configure:4897: $? = 0
configure:4897: result: yes
configure:4897: checking for inttypes.h
configure:4897: gcc -c -g -O2  conftest.c >&5
configure:4897: $? = 0
configure:4897: result: yes
configure:4897: checking for stdint.h
configure:4897: gcc -c -g -O2  conftest.c >&5
configure:4897: $? = 0
configure:4897: result: yes
configure:4897: checking for unistd.h
configure:4897: gcc -c -g -O2  conftest.c >&5
configure:4897: $? = 0
configure:4897: result: yes
configure:4909: checking whether byte ordering is bigendian
configure:4924: gcc -c -g -O2  conftest.c >&5
conftest.c:20:9: error: unknown type name 'not'
         not a universal capable compiler
         ^~~
conftest.c:20:15: error: expected '=', ',', ';', 'asm' or '__attribute__' before 'universal'
         not a universal capable compiler
               ^~~~~~~~~
conftest.c:20:15: error: unknown type name 'universal'
configure:4924: $? = 1
configure: failed program was:
| /* confdefs.h */
| #define PACKAGE_NAME "libcoap"
| #define PACKAGE_TARNAME "libcoap"
| #define PACKAGE_VERSION "4.2.0"
| #define PACKAGE_STRING "libcoap 4.2.0"
| #define PACKAGE_BUGREPORT "libcoap-developers@lists.sourceforge.net"
| #define PACKAGE_URL "https://libcoap.net/"
| #define STDC_HEADERS 1
| #define HAVE_SYS_TYPES_H 1
| #define HAVE_SYS_STAT_H 1
| #define HAVE_STDLIB_H 1
| #define HAVE_STRING_H 1
| #define HAVE_MEMORY_H 1
| #define HAVE_STRINGS_H 1
| #define HAVE_INTTYPES_H 1
| #define HAVE_STDINT_H 1
| #define HAVE_UNISTD_H 1
| /* end confdefs.h.  */
| #ifndef __APPLE_CC__
| 	       not a universal capable compiler
| 	     #endif
| 	     typedef int dummy;
| 
configure:4969: gcc -c -g -O2  conftest.c >&5
configure:4969: $? = 0
configure:4987: gcc -c -g -O2  conftest.c >&5
conftest.c: In function 'main':
conftest.c:26:4: error: unknown type name 'not'; did you mean 'ino_t'?
    not big endian
    ^~~
    ino_t
conftest.c:26:12: error: expected '=', ',', ';', 'asm' or '__attribute__' before 'endian'
    not big endian
            ^~~~~~
configure:4987: $? = 1
configure: failed program was:
| /* confdefs.h */
| #define PACKAGE_NAME "libcoap"
| #define PACKAGE_TARNAME "libcoap"
| #define PACKAGE_VERSION "4.2.0"
| #define PACKAGE_STRING "libcoap 4.2.0"
| #define PACKAGE_BUGREPORT "libcoap-developers@lists.sourceforge.net"
| #define PACKAGE_URL "https://libcoap.net/"
| #define STDC_HEADERS 1
| #define HAVE_SYS_TYPES_H 1
| #define HAVE_SYS_STAT_H 1
| #define HAVE_STDLIB_H 1
| #define HAVE_STRING_H 1
| #define HAVE_MEMORY_H 1
| #define HAVE_STRINGS_H 1
| #define HAVE_INTTYPES_H 1
| #define HAVE_STDINT_H 1
| #define HAVE_UNISTD_H 1
| /* end confdefs.h.  */
| #include <sys/types.h>
| 		#include <sys/param.h>
| 
| int
| main ()
| {
| #if BYTE_ORDER != BIG_ENDIAN
| 		 not big endian
| 		#endif
| 
|   ;
|   return 0;
| }
configure:5115: result: no
configure:5164: checking build system type
configure:5178: result: x86_64-pc-linux-gnu
configure:5198: checking host system type
configure:5211: result: x86_64-pc-linux-gnu
configure:5252: checking how to print strings
configure:5279: result: printf
configure:5300: checking for a sed that does not truncate output
configure:5364: result: /bin/sed
configure:5382: checking for fgrep
configure:5444: result: /bin/grep -F
configure:5479: checking for ld used by gcc
configure:5546: result: /usr/bin/ld
configure:5553: checking if the linker (/usr/bin/ld) is GNU ld
configure:5568: result: yes
configure:5580: checking for BSD- or MS-compatible name lister (nm)
configure:5634: result: /usr/bin/nm -B
configure:5764: checking the name lister (/usr/bin/nm -B) interface
configure:5771: gcc -c -g -O2  conftest.c >&5
configure:5774: /usr/bin/nm -B "conftest.o"
configure:5777: output
0000000000000000 B some_variable
configure:5784: result: BSD nm
configure:5787: checking whether ln -s works
configure:5791: result: yes
configure:5799: checking the maximum length of command line arguments
configure:5930: result: 1572864
configure:5978: checking how to convert x86_64-pc-linux-gnu file names to x86_64-pc-linux-gnu format
configure:6018: result: func_convert_file_noop
configure:6025: checking how to convert x86_64-pc-linux-gnu file names to toolchain format
configure:6045: result: func_convert_file_noop
configure:6052: checking for /usr/bin/ld option to reload object files
configure:6059: result: -r
configure:6133: checking for objdump
configure:6149: found /usr/bin/objdump
configure:6160: result: objdump
configure:6192: checking how to recognize dependent libraries
configure:6392: result: pass_all
configure:6477: checking for dlltool
configure:6507: result: no
configure:6537: checking how to associate runtime and link libraries
configure:6564: result: printf %s\n
configure:6688: checking for archiver @FILE support
configure:6705: gcc -c -g -O2  conftest.c >&5
configure:6705: $? = 0
configure:6708: ar cru libconftest.a @conftest.lst >&5
ar: `u' modifier ignored since `D' is the default (see `U')
configure:6711: $? = 0
configure:6716: ar cru libconftest.a @conftest.lst >&5
ar: `u' modifier ignored since `D' is the default (see `U')
ar: conftest.o: No such file or directory
configure:6719: $? = 1
configure:6731: result: @
configure:6789: checking for strip
configure:6805: found /usr/bin/strip
configure:6816: result: strip
configure:6888: checking for ranlib
configure:6904: found /usr/bin/ranlib
configure:6915: result: ranlib
configure:7017: checking command to parse /usr/bin/nm -B output from gcc object
configure:7170: gcc -c -g -O2  conftest.c >&5
configure:7173: $? = 0
configure:7177: /usr/bin/nm -B conftest.o \| sed -n -e 's/^.*[ ]\([ABCDGIRSTW][ABCDGIRSTW]*\)[ ][ ]*\([_A-Za-z][_A-Za-z0-9]*\)$/\1 \2 \2/p' | sed '/ __gnu_lto/d' \> conftest.nm
configure:7180: $? = 0
configure:7246: gcc -o conftest -g -O2   conftest.c conftstm.o >&5
configure:7249: $? = 0
configure:7287: result: ok
configure:7334: checking for sysroot
configure:7364: result: no
configure:7371: checking for a working dd
configure:7409: result: /bin/dd
configure:7413: checking how to truncate binary pipes
configure:7428: result: /bin/dd bs=4096 count=1
configure:7564: gcc -c -g -O2  conftest.c >&5
configure:7567: $? = 0
configure:7757: checking for mt
configure:7773: found /bin/mt
configure:7784: result: mt
configure:7807: checking if mt is a manifest tool
configure:7813: mt '-?'
configure:7821: result: no
configure:8495: checking for dlfcn.h
configure:8495: gcc -c -g -O2  conftest.c >&5
configure:8495: $? = 0
configure:8495: result: yes
configure:8749: checking for objdir
configure:8764: result: .libs
configure:9028: checking if gcc supports -fno-rtti -fno-exceptions
configure:9046: gcc -c -g -O2  -fno-rtti -fno-exceptions conftest.c >&5
cc1: warning: command line option '-fno-rtti' is valid for C++/ObjC++ but not for C
configure:9050: $? = 0
configure:9063: result: no
configure:9421: checking for gcc option to produce PIC
configure:9428: result: -fPIC -DPIC
configure:9436: checking if gcc PIC flag -fPIC -DPIC works
configure:9454: gcc -c -g -O2  -fPIC -DPIC -DPIC conftest.c >&5
configure:9458: $? = 0
configure:9471: result: yes
configure:9500: checking if gcc static flag -static works
configure:9528: result: yes
configure:9543: checking if gcc supports -c -o file.o
configure:9564: gcc -c -g -O2  -o out/conftest2.o conftest.c >&5
configure:9568: $? = 0
configure:9590: result: yes
configure:9598: checking if gcc supports -c -o file.o
configure:9645: result: yes
configure:9678: checking whether the gcc linker (/usr/bin/ld -m elf_x86_64) supports shared libraries
configure:10941: result: yes
configure:10978: checking whether -lc should be explicitly linked in
configure:10986: gcc -c -g -O2  conftest.c >&5
configure:10989: $? = 0
configure:11004: gcc -shared  -fPIC -DPIC conftest.o  -v -Wl,-soname -Wl,conftest -o conftest 2\>\&1 \| /bin/grep  -lc  \>/dev/null 2\>\&1
configure:11007: $? = 0
configure:11021: result: no
configure:11181: checking dynamic linker characteristics
configure:11762: gcc -o conftest -g -O2   -Wl,-rpath -Wl,/foo conftest.c  >&5
configure:11762: $? = 0
configure:12011: result: GNU/Linux ld.so
configure:12133: checking how to hardcode library paths into programs
configure:12158: result: immediate
configure:12706: checking whether stripping libraries is possible
configure:12711: result: yes
configure:12746: checking if libtool supports shared libraries
configure:12748: result: yes
configure:12751: checking whether to build shared libraries
configure:12776: result: yes
configure:12779: checking whether to build static libraries
configure:12783: result: yes
configure:12922: checking whether C compiler accepts -Wlogical-op
configure:12941: gcc -c -g -O2 -Werror -Wlogical-op  conftest.c >&5
configure:12941: $? = 0
configure:12949: result: yes
configure:12957: checking whether C compiler accepts -fdiagnostics-color
configure:12976: gcc -c -g -O2 -Werror -fdiagnostics-color  conftest.c >&5
configure:12976: $? = 0
configure:12984: result: yes
configure:12992: checking whether C compiler accepts -Wunused-result
configure:13011: gcc -c -g -O2 -fdiagnostics-color  -Wunused-result  conftest.c >&5
configure:13011: $? = 0
configure:13019: result: yes
configure:13031: checking whether the linker accepts -Wl,--version-script=./libcoap-2.map
configure:13050: gcc -o conftest -g -O2 -fdiagnostics-color    -Wl,--version-script=./libcoap-2.map conftest.c  >&5
configure:13050: $? = 0
configure:13060: result: yes
configure:13508: checking for GnuTLS
configure:13515: $PKG_CONFIG --exists --print-errors "gnutls"
Package gnutls was not found in the pkg-config search path.
Perhaps you should add the directory containing `gnutls.pc'
to the PKG_CONFIG_PATH environment variable
No package 'gnutls' found
configure:13518: $? = 1
configure:13532: $PKG_CONFIG --exists --print-errors "gnutls"
Package gnutls was not found in the pkg-config search path.
Perhaps you should add the directory containing `gnutls.pc'
to the PKG_CONFIG_PATH environment variable
No package 'gnutls' found
configure:13535: $? = 1
configure:13549: result: no
No package 'gnutls' found
configure:13581: checking for OpenSSL
configure:13588: $PKG_CONFIG --exists --print-errors "openssl"
Package openssl was not found in the pkg-config search path.
Perhaps you should add the directory containing `openssl.pc'
to the PKG_CONFIG_PATH environment variable
No package 'openssl' found
configure:13591: $? = 1
configure:13605: $PKG_CONFIG --exists --print-errors "openssl"
Package openssl was not found in the pkg-config search path.
Perhaps you should add the directory containing `openssl.pc'
to the PKG_CONFIG_PATH environment variable
No package 'openssl' found
configure:13608: $? = 1
configure:13622: result: no
No package 'openssl' found
configure:14010: WARNING: gcov is disabled
configure:14189: checking for ctags
configure:14222: result: no
configure:14232: ==> Note: '(ex)ctags' command not found!
configure:14234: WARNING: ==> Without ctags you will be unable to run the target 'update-map-file'!
configure:14236: WARNING: ==> This is no problem if you just want to build the library libcoap.
configure:14258: checking assert.h usability
configure:14258: gcc -c -g -O2 -fdiagnostics-color  conftest.c >&5
configure:14258: $? = 0
configure:14258: result: yes
configure:14258: checking assert.h presence
configure:14258: gcc -E  conftest.c
configure:14258: $? = 0
configure:14258: result: yes
configure:14258: checking for assert.h
configure:14258: result: yes
configure:14258: checking arpa/inet.h usability
configure:14258: gcc -c -g -O2 -fdiagnostics-color  conftest.c >&5
configure:14258: $? = 0
configure:14258: result: yes
configure:14258: checking arpa/inet.h presence
configure:14258: gcc -E  conftest.c
configure:14258: $? = 0
configure:14258: result: yes
configure:14258: checking for arpa/inet.h
configure:14258: result: yes
configure:14258: checking limits.h usability
configure:14258: gcc -c -g -O2 -fdiagnostics-color  conftest.c >&5
configure:14258: $? = 0
configure:14258: result: yes
configure:14258: checking limits.h presence
configure:14258: gcc -E  conftest.c
configure:14258: $? = 0
configure:14258: result: yes
configure:14258: checking for limits.h
configure:14258: result: yes
configure:14258: checking netdb.h usability
configure:14258: gcc -c -g -O2 -fdiagnostics-color  conftest.c >&5
configure:14258: $? = 0
configure:14258: result: yes
configure:14258: checking netdb.h presence
configure:14258: gcc -E  conftest.c
configure:14258: $? = 0
configure:14258: result: yes
configure:14258: checking for netdb.h
configure:14258: result: yes
configure:14258: checking netinet/in.h usability
configure:14258: gcc -c -g -O2 -fdiagnostics-color  conftest.c >&5
configure:14258: $? = 0
configure:14258: result: yes
configure:14258: checking netinet/in.h presence
configure:14258: gcc -E  conftest.c
configure:14258: $? = 0
configure:14258: result: yes
configure:14258: checking for netinet/in.h
configure:14258: result: yes
configure:14258: checking pthread.h usability
configure:14258: gcc -c -g -O2 -fdiagnostics-color  conftest.c >&5
configure:14258: $? = 0
configure:14258: result: yes
configure:14258: checking pthread.h presence
configure:14258: gcc -E  conftest.c
configure:14258: $? = 0
configure:14258: result: yes
configure:14258: checking for pthread.h
configure:14258: result: yes
configure:14258: checking for stdlib.h
configure:14258: result: yes
configure:14258: checking for string.h
configure:14258: result: yes
configure:14258: checking for strings.h
configure:14258: result: yes
configure:14258: checking sys/socket.h usability
configure:14258: gcc -c -g -O2 -fdiagnostics-color  conftest.c >&5
configure:14258: $? = 0
configure:14258: result: yes
configure:14258: checking sys/socket.h presence
configure:14258: gcc -E  conftest.c
configure:14258: $? = 0
configure:14258: result: yes
configure:14258: checking for sys/socket.h
configure:14258: result: yes
configure:14258: checking sys/time.h usability
configure:14258: gcc -c -g -O2 -fdiagnostics-color  conftest.c >&5
configure:14258: $? = 0
configure:14258: result: yes
configure:14258: checking sys/time.h presence
configure:14258: gcc -E  conftest.c
configure:14258: $? = 0
configure:14258: result: yes
configure:14258: checking for sys/time.h
configure:14258: result: yes
configure:14258: checking time.h usability
configure:14258: gcc -c -g -O2 -fdiagnostics-color  conftest.c >&5
configure:14258: $? = 0
configure:14258: result: yes
configure:14258: checking time.h presence
configure:14258: gcc -E  conftest.c
configure:14258: $? = 0
configure:14258: result: yes
configure:14258: checking for time.h
configure:14258: result: yes
configure:14258: checking for unistd.h
configure:14258: result: yes
configure:14258: checking sys/unistd.h usability
configure:14258: gcc -c -g -O2 -fdiagnostics-color  conftest.c >&5
configure:14258: $? = 0
configure:14258: result: yes
configure:14258: checking sys/unistd.h presence
configure:14258: gcc -E  conftest.c
configure:14258: $? = 0
configure:14258: result: yes
configure:14258: checking for sys/unistd.h
configure:14258: result: yes
configure:14258: checking syslog.h usability
configure:14258: gcc -c -g -O2 -fdiagnostics-color  conftest.c >&5
configure:14258: $? = 0
configure:14258: result: yes
configure:14258: checking syslog.h presence
configure:14258: gcc -E  conftest.c
configure:14258: $? = 0
configure:14258: result: yes
configure:14258: checking for syslog.h
configure:14258: result: yes
configure:14258: checking sys/ioctl.h usability
configure:14258: gcc -c -g -O2 -fdiagnostics-color  conftest.c >&5
configure:14258: $? = 0
configure:14258: result: yes
configure:14258: checking sys/ioctl.h presence
configure:14258: gcc -E  conftest.c
configure:14258: $? = 0
configure:14258: result: yes
configure:14258: checking for sys/ioctl.h
configure:14258: result: yes
configure:14270: checking sys/epoll.h usability
configure:14270: gcc -c -g -O2 -fdiagnostics-color  conftest.c >&5
configure:14270: $? = 0
configure:14270: result: yes
configure:14270: checking sys/epoll.h presence
configure:14270: gcc -E  conftest.c
configure:14270: $? = 0
configure:14270: result: yes
configure:14270: checking for sys/epoll.h
configure:14270: result: yes
configure:14276: checking sys/timerfd.h usability
configure:14276: gcc -c -g -O2 -fdiagnostics-color  conftest.c >&5
configure:14276: $? = 0
configure:14276: result: yes
configure:14276: checking sys/timerfd.h presence
configure:14276: gcc -E  conftest.c
configure:14276: $? = 0
configure:14276: result: yes
configure:14276: checking for sys/timerfd.h
configure:14276: result: yes
configure:14322: checking for size_t
configure:14322: gcc -c -g -O2 -fdiagnostics-color  conftest.c >&5
configure:14322: $? = 0
configure:14322: gcc -c -g -O2 -fdiagnostics-color  conftest.c >&5
[01m[Kconftest.c:[m[K In function '[01m[Kmain[m[K':
[01m[Kconftest.c:75:21:[m[K [01;31m[Kerror: [m[Kexpected expression before '[01m[K)[m[K' token
 if (sizeof ((size_t)[01;31m[K)[m[K)
                     [01;31m[K^[m[K
configure:14322: $? = 1
configure: failed program was:
| /* confdefs.h */
| #define PACKAGE_NAME "libcoap"
| #define PACKAGE_TARNAME "libcoap"
| #define PACKAGE_VERSION "4.2.0"
| #define PACKAGE_STRING "libcoap 4.2.0"
| #define PACKAGE_BUGREPORT "libcoap-developers@lists.sourceforge.net"
| #define PACKAGE_URL "https://libcoap.net/"
| #define STDC_HEADERS 1
| #define HAVE_SYS_TYPES_H 1
| #define HAVE_SYS_STAT_H 1
| #define HAVE_STDLIB_H 1
| #define HAVE_STRING_H 1
| #define HAVE_MEMORY_H 1
| #define HAVE_STRINGS_H 1
| #define HAVE_INTTYPES_H 1
| #define HAVE_STDINT_H 1
| #define HAVE_UNISTD_H 1
| #define HAVE_DLFCN_H 1
| #define LT_OBJDIR ".libs/"
| #define HAVE_LIBTINYDTLS 1
| #define HAVE_ASSERT_H 1
| #define HAVE_ARPA_INET_H 1
| #define HAVE_LIMITS_H 1
| #define HAVE_NETDB_H 1
| #define HAVE_NETINET_IN_H 1
| #define HAVE_PTHREAD_H 1
| #define HAVE_STDLIB_H 1
| #define HAVE_STRING_H 1
| #define HAVE_STRINGS_H 1
| #define HAVE_SYS_SOCKET_H 1
| #define HAVE_SYS_TIME_H 1
| #define HAVE_TIME_H 1
| #define HAVE_UNISTD_H 1
| #define HAVE_SYS_UNISTD_H 1
| #define HAVE_SYSLOG_H 1
| #define HAVE_SYS_IOCTL_H 1
| #define COAP_EPOLL_SUPPORT 1
| /* end confdefs.h.  */
| #include <stdio.h>
| #ifdef HAVE_SYS_TYPES_H
| # include <sys/types.h>
| #endif
| #ifdef HAVE_SYS_STAT_H
| # include <sys/stat.h>
| #endif
| #ifdef STDC_HEADERS
| # include <stdlib.h>
| # include <stddef.h>
| #else
| # ifdef HAVE_STDLIB_H
| #  include <stdlib.h>
| # endif
| #endif
| #ifdef HAVE_STRING_H
| # if !defined STDC_HEADERS && defined HAVE_MEMORY_H
| #  include <memory.h>
| # endif
| # include <string.h>
| #endif
| #ifdef HAVE_STRINGS_H
| # include <strings.h>
| #endif
| #ifdef HAVE_INTTYPES_H
| # include <inttypes.h>
| #endif
| #ifdef HAVE_STDINT_H
| # include <stdint.h>
| #endif
| #ifdef HAVE_UNISTD_H
| # include <unistd.h>
| #endif
| int
| main ()
| {
| if (sizeof ((size_t)))
| 	    return 0;
|   ;
|   return 0;
| }
configure:14322: result: yes
configure:14333: checking for ssize_t
configure:14333: gcc -c -g -O2 -fdiagnostics-color  conftest.c >&5
configure:14333: $? = 0
configure:14333: gcc -c -g -O2 -fdiagnostics-color  conftest.c >&5
[01m[Kconftest.c:[m[K In function '[01m[Kmain[m[K':
[01m[Kconftest.c:75:22:[m[K [01;31m[Kerror: [m[Kexpected expression before '[01m[K)[m[K' token
 if (sizeof ((ssize_t)[01;31m[K)[m[K)
                      [01;31m[K^[m[K
configure:14333: $? = 1
configure: failed program was:
| /* confdefs.h */
| #define PACKAGE_NAME "libcoap"
| #define PACKAGE_TARNAME "libcoap"
| #define PACKAGE_VERSION "4.2.0"
| #define PACKAGE_STRING "libcoap 4.2.0"
| #define PACKAGE_BUGREPORT "libcoap-developers@lists.sourceforge.net"
| #define PACKAGE_URL "https://libcoap.net/"
| #define STDC_HEADERS 1
| #define HAVE_SYS_TYPES_H 1
| #define HAVE_SYS_STAT_H 1
| #define HAVE_STDLIB_H 1
| #define HAVE_STRING_H 1
| #define HAVE_MEMORY_H 1
| #define HAVE_STRINGS_H 1
| #define HAVE_INTTYPES_H 1
| #define HAVE_STDINT_H 1
| #define HAVE_UNISTD_H 1
| #define HAVE_DLFCN_H 1
| #define LT_OBJDIR ".libs/"
| #define HAVE_LIBTINYDTLS 1
| #define HAVE_ASSERT_H 1
| #define HAVE_ARPA_INET_H 1
| #define HAVE_LIMITS_H 1
| #define HAVE_NETDB_H 1
| #define HAVE_NETINET_IN_H 1
| #define HAVE_PTHREAD_H 1
| #define HAVE_STDLIB_H 1
| #define HAVE_STRING_H 1
| #define HAVE_STRINGS_H 1
| #define HAVE_SYS_SOCKET_H 1
| #define HAVE_SYS_TIME_H 1
| #define HAVE_TIME_H 1
| #define HAVE_UNISTD_H 1
| #define HAVE_SYS_UNISTD_H 1
| #define HAVE_SYSLOG_H 1
| #define HAVE_SYS_IOCTL_H 1
| #define COAP_EPOLL_SUPPORT 1
| /* end confdefs.h.  */
| #include <stdio.h>
| #ifdef HAVE_SYS_TYPES_H
| # include <sys/types.h>
| #endif
| #ifdef HAVE_SYS_STAT_H
| # include <sys/stat.h>
| #endif
| #ifdef STDC_HEADERS
| # include <stdlib.h>
| # include <stddef.h>
| #else
| # ifdef HAVE_STDLIB_H
| #  include <stdlib.h>
| # endif
| #endif
| #ifdef HAVE_STRING_H
| # if !defined STDC_HEADERS && defined HAVE_MEMORY_H
| #  include <memory.h>
| # endif
| # include <string.h>
| #endif
| #ifdef HAVE_STRINGS_H
| # include <strings.h>
| #endif
| #ifdef HAVE_INTTYPES_H
| # include <inttypes.h>
| #endif
| #ifdef HAVE_STDINT_H
| # include <stdint.h>
| #endif
| #ifdef HAVE_UNISTD_H
| # include <unistd.h>
| #endif
| int
| main ()
| {
| if (sizeof ((ssize_t)))
| 	    return 0;
|   ;
|   return 0;
| }
configure:14333: result: yes
configure:14350: checking for memset
configure:14350: gcc -o conftest -g -O2 -fdiagnostics-color   conftest.c  >&5
[01m[Kconftest.c:62:6:[m[K [01;35m[Kwarning: [m[Kconflicting types for built-in function '[01m[Kmemset[m[K' [[01;35m[K-Wbuiltin-declaration-mismatch[m[K]
 char [01;35m[Kmemset[m[K ();
      [01;35m[K^~~~~~[m[K
configure:14350: $? = 0
configure:14350: result: yes
configure:14350: checking for select
configure:14350: gcc -o conftest -g -O2 -fdiagnostics-color   conftest.c  >&5
configure:14350: $? = 0
configure:14350: result: yes
configure:14350: checking for socket
configure:14350: gcc -o conftest -g -O2 -fdiagnostics-color   conftest.c  >&5
configure:14350: $? = 0
configure:14350: result: yes
configure:14350: checking for strcasecmp
configure:14350: gcc -o conftest -g -O2 -fdiagnostics-color   conftest.c  >&5
[01m[Kconftest.c:65:6:[m[K [01;35m[Kwarning: [m[Kconflicting types for built-in function '[01m[Kstrcasecmp[m[K' [[01;35m[K-Wbuiltin-declaration-mismatch[m[K]
 char [01;35m[Kstrcasecmp[m[K ();
      [01;35m[K^~~~~~~~~~[m[K
configure:14350: $? = 0
configure:14350: result: yes
configure:14350: checking for strrchr
configure:14350: gcc -o conftest -g -O2 -fdiagnostics-color   conftest.c  >&5
[01m[Kconftest.c:66:6:[m[K [01;35m[Kwarning: [m[Kconflicting types for built-in function '[01m[Kstrrchr[m[K' [[01;35m[K-Wbuiltin-declaration-mismatch[m[K]
 char [01;35m[Kstrrchr[m[K ();
      [01;35m[K^~~~~~~[m[K
configure:14350: $? = 0
configure:14350: result: yes
configure:14350: checking for getaddrinfo
configure:14350: gcc -o conftest -g -O2 -fdiagnostics-color   conftest.c  >&5
configure:14350: $? = 0
configure:14350: result: yes
configure:14350: checking for strnlen
configure:14350: gcc -o conftest -g -O2 -fdiagnostics-color   conftest.c  >&5
configure:14350: $? = 0
configure:14350: result: yes
configure:14350: checking for malloc
configure:14350: gcc -o conftest -g -O2 -fdiagnostics-color   conftest.c  >&5
[01m[Kconftest.c:69:6:[m[K [01;35m[Kwarning: [m[Kconflicting types for built-in function '[01m[Kmalloc[m[K' [[01;35m[K-Wbuiltin-declaration-mismatch[m[K]
 char [01;35m[Kmalloc[m[K ();
      [01;35m[K^~~~~~[m[K
configure:14350: $? = 0
configure:14350: result: yes
configure:14350: checking for pthread_mutex_lock
configure:14350: gcc -o conftest -g -O2 -fdiagnostics-color   conftest.c  >&5
configure:14350: $? = 0
configure:14350: result: yes
configure:14361: checking for library containing socket
configure:14392: gcc -o conftest -g -O2 -fdiagnostics-color   conftest.c  >&5
configure:14392: $? = 0
configure:14409: result: none required
configure:14417: checking for library containing inet_ntop
configure:14448: gcc -o conftest -g -O2 -fdiagnostics-color   conftest.c  >&5
configure:14448: $? = 0
configure:14465: result: none required
configure:14475: checking for library containing clock_gettime
configure:14506: gcc -o conftest -g -O2 -fdiagnostics-color   conftest.c  >&5
configure:14506: $? = 0
configure:14523: result: none required
configure:14533: checking for struct cmsghdr
configure:14533: gcc -c -g -O2 -fdiagnostics-color  conftest.c >&5
configure:14533: $? = 0
configure:14533: gcc -c -g -O2 -fdiagnostics-color  conftest.c >&5
[01m[Kconftest.c:[m[K In function '[01m[Kmain[m[K':
[01m[Kconftest.c:87:29:[m[K [01;31m[Kerror: [m[Kexpected expression before '[01m[K)[m[K' token
 if (sizeof ((struct cmsghdr)[01;31m[K)[m[K)
                             [01;31m[K^[m[K
configure:14533: $? = 1
configure: failed program was:
| /* confdefs.h */
| #define PACKAGE_NAME "libcoap"
| #define PACKAGE_TARNAME "libcoap"
| #define PACKAGE_VERSION "4.2.0"
| #define PACKAGE_STRING "libcoap 4.2.0"
| #define PACKAGE_BUGREPORT "libcoap-developers@lists.sourceforge.net"
| #define PACKAGE_URL "https://libcoap.net/"
| #define STDC_HEADERS 1
| #define HAVE_SYS_TYPES_H 1
| #define HAVE_SYS_STAT_H 1
| #define HAVE_STDLIB_H 1
| #define HAVE_STRING_H 1
| #define HAVE_MEMORY_H 1
| #define HAVE_STRINGS_H 1
| #define HAVE_INTTYPES_H 1
| #define HAVE_STDINT_H 1
| #define HAVE_UNISTD_H 1
| #define HAVE_DLFCN_H 1
| #define LT_OBJDIR ".libs/"
| #define HAVE_LIBTINYDTLS 1
| #define HAVE_ASSERT_H 1
| #define HAVE_ARPA_INET_H 1
| #define HAVE_LIMITS_H 1
| #define HAVE_NETDB_H 1
| #define HAVE_NETINET_IN_H 1
| #define HAVE_PTHREAD_H 1
| #define HAVE_STDLIB_H 1
| #define HAVE_STRING_H 1
| #define HAVE_STRINGS_H 1
| #define HAVE_SYS_SOCKET_H 1
| #define HAVE_SYS_TIME_H 1
| #define HAVE_TIME_H 1
| #define HAVE_UNISTD_H 1
| #define HAVE_SYS_UNISTD_H 1
| #define HAVE_SYSLOG_H 1
| #define HAVE_SYS_IOCTL_H 1
| #define COAP_EPOLL_SUPPORT 1
| #define HAVE_MEMSET 1
| #define HAVE_SELECT 1
| #define HAVE_SOCKET 1
| #define HAVE_STRCASECMP 1
| #define HAVE_STRRCHR 1
| #define HAVE_GETADDRINFO 1
| #define HAVE_STRNLEN 1
| #define HAVE_MALLOC 1
| #define HAVE_PTHREAD_MUTEX_LOCK 1
| /* end confdefs.h.  */
| 
| #include <stdio.h>
| #ifdef HAVE_SYS_TYPES_H
| # include <sys/types.h>
| #endif
| #ifdef HAVE_SYS_STAT_H
| # include <sys/stat.h>
| #endif
| #ifdef STDC_HEADERS
| # include <stdlib.h>
| # include <stddef.h>
| #else
| # ifdef HAVE_STDLIB_H
| #  include <stdlib.h>
| # endif
| #endif
| #ifdef HAVE_STRING_H
| # if !defined STDC_HEADERS && defined HAVE_MEMORY_H
| #  include <memory.h>
| # endif
| # include <string.h>
| #endif
| #ifdef HAVE_STRINGS_H
| # include <strings.h>
| #endif
| #ifdef HAVE_INTTYPES_H
| # include <inttypes.h>
| #endif
| #ifdef HAVE_STDINT_H
| # include <stdint.h>
| #endif
| #ifdef HAVE_UNISTD_H
| # include <unistd.h>
| #endif
| #include <sys/socket.h>
| 
| int
| main ()
| {
| if (sizeof ((struct cmsghdr)))
| 	    return 0;
|   ;
|   return 0;
| }
configure:14533: result: yes
configure:14547: checking operating system
configure:14555: result: Linux
configure:14731: checking that generated files are newer than configure
configure:14737: result: done
configure:14785: creating ./config.status

## ---------------------- ##
## Running config.status. ##
## ---------------------- ##

This file was extended by libcoap config.status 4.2.0, which was
generated by GNU Autoconf 2.69.  Invocation command line was

  CONFIG_FILES    = 
  CONFIG_HEADERS  = 
  CONFIG_LINKS    = 
  CONFIG_COMMANDS = 
  $ ./config.status 

on tp

config.status:1180: creating Makefile
config.status:1180: creating doc/Makefile
config.status:1180: creating examples/Makefile
config.status:1180: creating include/coap2/coap.h
config.status:1180: creating man/coap.txt
config.status:1180: creating man/coap_attribute.txt
config.status:1180: creating man/coap_context.txt
config.status:1180: creating man/coap_encryption.txt
config.status:1180: creating man/coap_handler.txt
config.status:1180: creating man/coap_io.txt
config.status:1180: creating man/coap_keepalive.txt
config.status:1180: creating man/coap_logging.txt
config.status:1180: creating man/coap_observe.txt
config.status:1180: creating man/coap_pdu_setup.txt
config.status:1180: creating man/coap_recovery.txt
config.status:1180: creating man/coap_resource.txt
config.status:1180: creating man/coap_session.txt
config.status:1180: creating man/coap_tls_library.txt
config.status:1180: creating man/coap-client.txt
config.status:1180: creating man/coap-server.txt
config.status:1180: creating man/coap-rd.txt
config.status:1180: creating man/Makefile
config.status:1180: creating tests/Makefile
config.status:1180: creating tests/oss-fuzz/Makefile.ci
config.status:1180: creating libcoap-2-tinydtls.pc
config.status:1180: creating coap_config.h
config.status:1361: coap_config.h is unchanged
config.status:1409: executing depfiles commands
config.status:1409: executing libtool commands
configure:17019: === configuring in ext/tinydtls (/home/syafiq/Documents/phd/libcoap/ext/tinydtls)
configure:17082: running /bin/bash ./configure --disable-option-checking '--prefix=/usr/local'  '--disable-documentation' '--enable-examples' '--with-tinydtls' '--enable-shared' --cache-file=/dev/null --srcdir=.
configure:17105: result:
libcoap configuration summary:
      libcoap package version : "4.2.0"
      libcoap library version : "1.0.1"
      libcoap API version     : "2"
      libcoap DTLS lib extn   : "-tinydtls"
      host system             : "x86_64-pc-linux-gnu"
configure:17134: result:       build DTLS support      : "yes"
configure:17136: result:          -->  tinyDTLS around : "yes"
configure:17138: result:               TINYDTLS_CFLAGS : "-I $(top_srcdir)/ext/tinydtls"
configure:17140: result:               TINYDTLS_LIBS   : "-L$(top_builddir)/ext/tinydtls -ltinydtls"
configure:17148: result:       build using epoll       : "yes"
configure:17151: result:       enable small stack size : "no"
configure:17167: result:       build doxygen pages     : "no"
configure:17175: result:       build man pages         : "no"
configure:17182: result:       build unit test binary  : "no"
configure:17186: result:       build examples          : "yes"
configure:17196: result:       build with gcov support : "no"

## ---------------- ##
## Cache variables. ##
## ---------------- ##

ac_cv_build=x86_64-pc-linux-gnu
ac_cv_c_bigendian=no
ac_cv_c_compiler_gnu=yes
ac_cv_env_A2X_set=
ac_cv_env_A2X_value=
ac_cv_env_CC_set=
ac_cv_env_CC_value=
ac_cv_env_CFLAGS_set=
ac_cv_env_CFLAGS_value=
ac_cv_env_CPPFLAGS_set=
ac_cv_env_CPPFLAGS_value=
ac_cv_env_CPP_set=
ac_cv_env_CPP_value=
ac_cv_env_CTAGS_PROG_set=
ac_cv_env_CTAGS_PROG_value=
ac_cv_env_CUNIT_CFLAGS_set=
ac_cv_env_CUNIT_CFLAGS_value=
ac_cv_env_CUNIT_LIBS_set=
ac_cv_env_CUNIT_LIBS_value=
ac_cv_env_GnuTLS_CFLAGS_set=
ac_cv_env_GnuTLS_CFLAGS_value=
ac_cv_env_GnuTLS_LIBS_set=
ac_cv_env_GnuTLS_LIBS_value=
ac_cv_env_LDFLAGS_set=
ac_cv_env_LDFLAGS_value=
ac_cv_env_LIBS_set=
ac_cv_env_LIBS_value=
ac_cv_env_LT_SYS_LIBRARY_PATH_set=
ac_cv_env_LT_SYS_LIBRARY_PATH_value=
ac_cv_env_OpenSSL_CFLAGS_set=
ac_cv_env_OpenSSL_CFLAGS_value=
ac_cv_env_OpenSSL_LIBS_set=
ac_cv_env_OpenSSL_LIBS_value=
ac_cv_env_PKG_CONFIG_LIBDIR_set=
ac_cv_env_PKG_CONFIG_LIBDIR_value=
ac_cv_env_PKG_CONFIG_PATH_set=
ac_cv_env_PKG_CONFIG_PATH_value=
ac_cv_env_PKG_CONFIG_set=
ac_cv_env_PKG_CONFIG_value=
ac_cv_env_build_alias_set=
ac_cv_env_build_alias_value=
ac_cv_env_host_alias_set=
ac_cv_env_host_alias_value=
ac_cv_env_target_alias_set=
ac_cv_env_target_alias_value=
ac_cv_func_getaddrinfo=yes
ac_cv_func_malloc=yes
ac_cv_func_memset=yes
ac_cv_func_pthread_mutex_lock=yes
ac_cv_func_select=yes
ac_cv_func_socket=yes
ac_cv_func_strcasecmp=yes
ac_cv_func_strnlen=yes
ac_cv_func_strrchr=yes
ac_cv_header_arpa_inet_h=yes
ac_cv_header_assert_h=yes
ac_cv_header_dlfcn_h=yes
ac_cv_header_inttypes_h=yes
ac_cv_header_limits_h=yes
ac_cv_header_memory_h=yes
ac_cv_header_netdb_h=yes
ac_cv_header_netinet_in_h=yes
ac_cv_header_pthread_h=yes
ac_cv_header_stdc=yes
ac_cv_header_stdint_h=yes
ac_cv_header_stdlib_h=yes
ac_cv_header_string_h=yes
ac_cv_header_strings_h=yes
ac_cv_header_sys_epoll_h=yes
ac_cv_header_sys_ioctl_h=yes
ac_cv_header_sys_socket_h=yes
ac_cv_header_sys_stat_h=yes
ac_cv_header_sys_time_h=yes
ac_cv_header_sys_timerfd_h=yes
ac_cv_header_sys_types_h=yes
ac_cv_header_sys_unistd_h=yes
ac_cv_header_syslog_h=yes
ac_cv_header_time_h=yes
ac_cv_header_unistd_h=yes
ac_cv_host=x86_64-pc-linux-gnu
ac_cv_objext=o
ac_cv_path_EGREP='/bin/grep -E'
ac_cv_path_FGREP='/bin/grep -F'
ac_cv_path_GREP=/bin/grep
ac_cv_path_SED=/bin/sed
ac_cv_path_ac_pt_PKG_CONFIG=/usr/bin/pkg-config
ac_cv_path_install='/usr/bin/install -c'
ac_cv_path_lt_DD=/bin/dd
ac_cv_path_mkdir=/bin/mkdir
ac_cv_prog_AWK=mawk
ac_cv_prog_CPP='gcc -E'
ac_cv_prog_ac_ct_AR=ar
ac_cv_prog_ac_ct_CC=gcc
ac_cv_prog_ac_ct_MANIFEST_TOOL=mt
ac_cv_prog_ac_ct_OBJDUMP=objdump
ac_cv_prog_ac_ct_RANLIB=ranlib
ac_cv_prog_ac_ct_STRIP=strip
ac_cv_prog_cc_c89=
ac_cv_prog_cc_g=yes
ac_cv_prog_make_make_set=yes
ac_cv_search_clock_gettime='none required'
ac_cv_search_inet_ntop='none required'
ac_cv_search_socket='none required'
ac_cv_type_size_t=yes
ac_cv_type_ssize_t=yes
ac_cv_type_struct_cmsghdr=yes
am_cv_CC_dependencies_compiler_type=gcc3
am_cv_ar_interface=ar
am_cv_make_support_nested_variables=yes
am_cv_prog_cc_c_o=yes
ax_cv_check_cflags__Werror__Wlogical_op=yes
ax_cv_check_cflags__Werror__fdiagnostics_color=yes
ax_cv_check_cflags___Wunused_result=yes
ax_cv_check_ldflags___Wl___version_script___libcoap_2_map=yes
lt_cv_ar_at_file=@
lt_cv_archive_cmds_need_lc=no
lt_cv_deplibs_check_method=pass_all
lt_cv_file_magic_cmd='$MAGIC_CMD'
lt_cv_file_magic_test_file=
lt_cv_ld_reload_flag=-r
lt_cv_nm_interface='BSD nm'
lt_cv_objdir=.libs
lt_cv_path_LD=/usr/bin/ld
lt_cv_path_NM='/usr/bin/nm -B'
lt_cv_path_mainfest_tool=no
lt_cv_prog_compiler_c_o=yes
lt_cv_prog_compiler_pic='-fPIC -DPIC'
lt_cv_prog_compiler_pic_works=yes
lt_cv_prog_compiler_rtti_exceptions=no
lt_cv_prog_compiler_static_works=yes
lt_cv_prog_gnu_ld=yes
lt_cv_sharedlib_from_linklib_cmd='printf %s\n'
lt_cv_shlibpath_overrides_runpath=yes
lt_cv_sys_global_symbol_pipe='sed -n -e '\''s/^.*[	 ]\([ABCDGIRSTW][ABCDGIRSTW]*\)[	 ][	 ]*\([_A-Za-z][_A-Za-z0-9]*\)$/\1 \2 \2/p'\'' | sed '\''/ __gnu_lto/d'\'''
lt_cv_sys_global_symbol_to_c_name_address='sed -n -e '\''s/^: \(.*\) .*$/  {"\1", (void *) 0},/p'\'' -e '\''s/^[ABCDGIRSTW][ABCDGIRSTW]* .* \(.*\)$/  {"\1", (void *) \&\1},/p'\'''
lt_cv_sys_global_symbol_to_c_name_address_lib_prefix='sed -n -e '\''s/^: \(.*\) .*$/  {"\1", (void *) 0},/p'\'' -e '\''s/^[ABCDGIRSTW][ABCDGIRSTW]* .* \(lib.*\)$/  {"\1", (void *) \&\1},/p'\'' -e '\''s/^[ABCDGIRSTW][ABCDGIRSTW]* .* \(.*\)$/  {"lib\1", (void *) \&\1},/p'\'''
lt_cv_sys_global_symbol_to_cdecl='sed -n -e '\''s/^T .* \(.*\)$/extern int \1();/p'\'' -e '\''s/^[ABCDGIRSTW][ABCDGIRSTW]* .* \(.*\)$/extern char \1;/p'\'''
lt_cv_sys_global_symbol_to_import=
lt_cv_sys_max_cmd_len=1572864
lt_cv_to_host_file_cmd=func_convert_file_noop
lt_cv_to_tool_file_cmd=func_convert_file_noop
lt_cv_truncate_bin='/bin/dd bs=4096 count=1'

## ----------------- ##
## Output variables. ##
## ----------------- ##

A2X=''
ACLOCAL='${SHELL} /home/syafiq/Documents/phd/libcoap/missing aclocal-1.15'
AMDEPBACKSLASH='\'
AMDEP_FALSE='#'
AMDEP_TRUE=''
AMTAR='$${TAR-tar}'
AM_BACKSLASH='\'
AM_DEFAULT_V='$(AM_DEFAULT_VERBOSITY)'
AM_DEFAULT_VERBOSITY='0'
AM_V='$(V)'
AR='ar'
AUTOCONF='${SHELL} /home/syafiq/Documents/phd/libcoap/missing autoconf'
AUTOHEADER='${SHELL} /home/syafiq/Documents/phd/libcoap/missing autoheader'
AUTOMAKE='${SHELL} /home/syafiq/Documents/phd/libcoap/missing automake-1.15'
AWK='mawk'
BUILD_DOCUMENTATION_FALSE=''
BUILD_DOCUMENTATION_TRUE='#'
BUILD_DOXYGEN_FALSE=''
BUILD_DOXYGEN_TRUE='#'
BUILD_EXAMPLES_FALSE='#'
BUILD_EXAMPLES_TRUE=''
BUILD_MANPAGES_FALSE=''
BUILD_MANPAGES_TRUE='#'
CC='gcc'
CCDEPMODE='depmode=gcc3'
CFLAGS='-g -O2 -fdiagnostics-color -D_GNU_SOURCE'
CPP='gcc -E'
CPPFLAGS=''
CTAGS_PROG=''
CUNIT_CFLAGS=''
CUNIT_LIBS=''
CYGPATH_W='echo'
DEFS='-DHAVE_CONFIG_H'
DEPDIR='.deps'
DLLTOOL='false'
DOC_DIR=''
DOLLAR_SIGN='$'
DOT=''
DOXYGEN=''
DSYMUTIL=''
DTLS_CFLAGS='-I $(top_srcdir)/ext/tinydtls'
DTLS_LIBS='-L$(top_builddir)/ext/tinydtls -ltinydtls'
DUMPBIN=''
ECHO_C=''
ECHO_N='-n'
ECHO_T=''
EGREP='/bin/grep -E'
EXEEXT=''
FGREP='/bin/grep -F'
GREP='/bin/grep'
GnuTLS_CFLAGS=''
GnuTLS_LIBS=''
HAVE_CUNIT_FALSE=''
HAVE_CUNIT_TRUE='#'
HAVE_DOT=''
HAVE_DOXYGEN_FALSE=''
HAVE_DOXYGEN_TRUE='#'
INSTALL_DATA='${INSTALL} -m 644'
INSTALL_PROGRAM='${INSTALL}'
INSTALL_SCRIPT='${INSTALL}'
INSTALL_STRIP_PROGRAM='$(install_sh) -c -s'
LD='/usr/bin/ld -m elf_x86_64'
LDFLAGS=''
LIBCOAP_API_VERSION='2'
LIBCOAP_DTLS_LIB_EXTENSION_NAME='-tinydtls'
LIBCOAP_NAME_SUFFIX='2-tinydtls'
LIBCOAP_SO_VERSION='1.0.1'
LIBOBJS=''
LIBS=''
LIBTOOL='$(SHELL) $(top_builddir)/libtool'
LIPO=''
LN_S='ln -s'
LTLIBOBJS=''
LT_LIBCOAP_AGE='1'
LT_LIBCOAP_CURRENT='1'
LT_LIBCOAP_REVISION='0'
LT_SYS_LIBRARY_PATH=''
MAKEINFO='${SHELL} /home/syafiq/Documents/phd/libcoap/missing makeinfo'
MANIFEST_TOOL=':'
MAN_DIR=''
MKDIR_P='/bin/mkdir -p'
NM='/usr/bin/nm -B'
NMEDIT=''
OBJDUMP='objdump'
OBJEXT='o'
OTOOL64=''
OTOOL=''
OpenSSL_CFLAGS=''
OpenSSL_LIBS=''
PACKAGE='libcoap'
PACKAGE_BUGREPORT='libcoap-developers@lists.sourceforge.net'
PACKAGE_NAME='libcoap'
PACKAGE_STRING='libcoap 4.2.0'
PACKAGE_TARNAME='libcoap'
PACKAGE_URL='https://libcoap.net/'
PACKAGE_VERSION='4.2.0'
PATH_SEPARATOR=':'
PKG_CONFIG='/usr/bin/pkg-config'
PKG_CONFIG_LIBDIR=''
PKG_CONFIG_PATH=''
PREDEFINED_CFLAGS='_GNU_SOURCE'
RANLIB='ranlib'
SED='/bin/sed'
SET_MAKE=''
SHELL='/bin/bash'
STRIP='strip'
USE_CALL_GRAPH=''
VERSION='4.2.0'
WARNING_CFLAGS='-pedantic -Wall -Wcast-qual -Wextra -Wformat-security -Winline -Wmissing-declarations -Wmissing-prototypes -Wnested-externs -Wpointer-arith -Wshadow -Wstrict-prototypes -Wswitch-default -Wswitch-enum -Wunused -Wwrite-strings  -Wlogical-op -Wunused-result'
ac_ct_AR='ar'
ac_ct_CC='gcc'
ac_ct_DUMPBIN=''
am__EXEEXT_FALSE=''
am__EXEEXT_TRUE='#'
am__fastdepCC_FALSE='#'
am__fastdepCC_TRUE=''
am__include='include'
am__isrc=''
am__leading_dot='.'
am__nodep='_no'
am__quote=''
am__tar='$${TAR-tar} chof - "$$tardir"'
am__untar='$${TAR-tar} xf -'
bindir='${exec_prefix}/bin'
build='x86_64-pc-linux-gnu'
build_alias=''
build_cpu='x86_64'
build_os='linux-gnu'
build_vendor='pc'
datadir='${datarootdir}'
datarootdir='${prefix}/share'
docdir='${datarootdir}/doc/${PACKAGE_TARNAME}'
dvidir='${docdir}'
exec_prefix='${prefix}'
host='x86_64-pc-linux-gnu'
host_alias=''
host_cpu='x86_64'
host_os='linux-gnu'
host_vendor='pc'
htmldir='${docdir}'
includedir='${prefix}/include'
infodir='${datarootdir}/info'
install_sh='${SHELL} /home/syafiq/Documents/phd/libcoap/install-sh'
libcoap_SYMBOLS='-Wl,--version-script=$(srcdir)/libcoap-$(LIBCOAP_API_VERSION).map'
libdir='${exec_prefix}/lib'
libexecdir='${exec_prefix}/libexec'
localedir='${datarootdir}/locale'
localstatedir='${prefix}/var'
mandir='${datarootdir}/man'
mkdir_p='$(MKDIR_P)'
oldincludedir='/usr/include'
pdfdir='${docdir}'
prefix='/usr/local'
program_transform_name='s,x,x,'
psdir='${docdir}'
runstatedir='${localstatedir}/run'
sbindir='${exec_prefix}/sbin'
sharedstatedir='${prefix}/com'
subdirs=' ext/tinydtls'
sysconfdir='${prefix}/etc'
target_alias=''

## ----------- ##
## confdefs.h. ##
## ----------- ##

/* confdefs.h */
#define PACKAGE_NAME "libcoap"
#define PACKAGE_TARNAME "libcoap"
#define PACKAGE_VERSION "4.2.0"
#define PACKAGE_STRING "libcoap 4.2.0"
#define PACKAGE_BUGREPORT "libcoap-developers@lists.sourceforge.net"
#define PACKAGE_URL "https://libcoap.net/"
#define STDC_HEADERS 1
#define HAVE_SYS_TYPES_H 1
#define HAVE_SYS_STAT_H 1
#define HAVE_STDLIB_H 1
#define HAVE_STRING_H 1
#define HAVE_MEMORY_H 1
#define HAVE_STRINGS_H 1
#define HAVE_INTTYPES_H 1
#define HAVE_STDINT_H 1
#define HAVE_UNISTD_H 1
#define HAVE_DLFCN_H 1
#define LT_OBJDIR ".libs/"
#define HAVE_LIBTINYDTLS 1
#define HAVE_ASSERT_H 1
#define HAVE_ARPA_INET_H 1
#define HAVE_LIMITS_H 1
#define HAVE_NETDB_H 1
#define HAVE_NETINET_IN_H 1
#define HAVE_PTHREAD_H 1
#define HAVE_STDLIB_H 1
#define HAVE_STRING_H 1
#define HAVE_STRINGS_H 1
#define HAVE_SYS_SOCKET_H 1
#define HAVE_SYS_TIME_H 1
#define HAVE_TIME_H 1
#define HAVE_UNISTD_H 1
#define HAVE_SYS_UNISTD_H 1
#define HAVE_SYSLOG_H 1
#define HAVE_SYS_IOCTL_H 1
#define COAP_EPOLL_SUPPORT 1
#define HAVE_MEMSET 1
#define HAVE_SELECT 1
#define HAVE_SOCKET 1
#define HAVE_STRCASECMP 1
#define HAVE_STRRCHR 1
#define HAVE_GETADDRINFO 1
#define HAVE_STRNLEN 1
#define HAVE_MALLOC 1
#define HAVE_PTHREAD_MUTEX_LOCK 1
#define HAVE_STRUCT_CMSGHDR 1

configure: exit 0
